<?xml version="1.0" ?>
<testsuite errors="1" failures="0" name="TestSimpleFlaskApp-20210223162942" tests="1" time="0.009">
	<testcase classname="TestSimpleFlaskApp" name="test_hello" time="0.009">
		<error message="b'&lt;h1&gt;Hello World!&lt;/h1&gt;\n' != b'&lt;h1&gt;Hello World!&lt;/h1&gt;'" type="AssertionError">
<![CDATA[Traceback (most recent call last):
  File "c:\Users\Vairon\Documents\Programming\Docker\HelloJenkins\test.py", line 11, in test_hello
    self.assertEqual(rv.data, b'<h1>Hello World!</h1>')
AssertionError: b'<h1>Hello World!</h1>\n' != b'<h1>Hello World!</h1>'
]]>		</error>
	</testcase>
	<system-out>
<![CDATA[]]>	</system-out>
	<system-err>
<![CDATA[]]>	</system-err>
</testsuite>
