<?xml version="1.0" ?>
<testsuite errors="0" failures="0" name="TestSimpleFlaskApp-20210223163001" tests="1" time="0.008">
	<testcase classname="TestSimpleFlaskApp" name="test_hello" time="0.008"/>
	<system-out>
<![CDATA[]]>	</system-out>
	<system-err>
<![CDATA[]]>	</system-err>
</testsuite>
